<?xml version="1.0" encoding="utf-8"?><testsuites name="pytest tests"><testsuite name="pytest" errors="0" failures="0" skipped="0" tests="14" time="43.477" timestamp="2026-09-23T13:35:42.146720+00:00" hostname="agent-env-3f0b1c9d-1e16-4107-b195-76dbb1508e45"><testcase classname="tests.backend_test.TestAuth" name="test_login_success" time="0.801" /><testcase classname="tests.backend_test.TestPublicAndDownload" name="test_public_gallery" time="0.368" /><testcase classname="tests.backend_test.TestPublicAndDownload" name="test_serve_photo_inline" time="1.297" /><testcase classname="tests.backend_test.TestAuth" name="test_login_wrong_password" time="1.181" /><testcase classname="tests.backend_test.TestPublicAndDownload" name="test_download_has_attachment_header" time="1.021" /><testcase classname="tests.backend_test.TestAuth" name="test_me_requires_token" time="0.585" /><testcase classname="tests.backend_test.TestPublicAndDownload" name="test_download_nonexistent" time="0.449" /><testcase classname="tests.backend_test.TestAuth" name="test_me_returns_user" time="0.858" /><testcase classname="tests.backend_test.TestAdminProtection" name="test_list_galleries_requires_auth" time="0.211" /><testcase classname="tests.backend_test.TestAdminProtection" name="test_create_gallery_requires_auth" time="0.181" /><testcase classname="tests.backend_test.TestAdminProtection" name="test_upload_requires_auth" time="0.203" /><testcase classname="tests.backend_test.TestGalleryCRUD" name="test_full_lifecycle" time="37.701" /><testcase classname="tests.backend_test.TestAdminProtection" name="test_reorder_requires_auth" time="0.165" /><testcase classname="tests.backend_test.TestGalleryCRUD" name="test_slug_uniqueness" time="0.724" /></testsuite></testsuites>